2023-01-30 15:10:42,312 - root - INFO - Create thread 1
2023-01-30 15:10:42,318 - root - INFO - Start thread 1
2023-01-30 15:10:42,322 - root - INFO - Finish thread 1
2023-01-30 15:11:17,017 - root - INFO - Create thread 1
2023-01-30 15:11:17,017 - root - INFO - Create thread 1
2023-01-30 15:11:17,024 - root - INFO - Start thread 1
2023-01-30 15:11:17,024 - root - INFO - Start thread 1
2023-01-30 15:11:17,027 - root - INFO - Finish thread 1
2023-01-30 15:11:17,027 - root - INFO - Finish thread 1
2023-01-30 15:12:01,332 - root - INFO - Create thread 1
2023-01-30 15:12:01,332 - root - INFO - Create thread 1
2023-01-30 15:12:01,338 - root - INFO - Start thread 1
2023-01-30 15:12:01,338 - root - INFO - Start thread 1
2023-01-30 15:12:01,342 - root - INFO - Finish thread 1
2023-01-30 15:12:01,342 - root - INFO - Finish thread 1
2023-01-30 15:12:01,344 - root - INFO - Create thread 2
2023-01-30 15:12:01,344 - root - INFO - Create thread 2
2023-01-30 15:12:01,347 - root - INFO - Start thread 2
2023-01-30 15:12:01,347 - root - INFO - Start thread 2
2023-01-30 15:12:01,355 - root - INFO - Finish thread 2
2023-01-30 15:12:01,355 - root - INFO - Finish thread 2
2023-01-30 15:13:30,591 - root - INFO - Create thread 1
2023-01-30 15:13:30,591 - root - INFO - Create thread 1
2023-01-30 15:13:30,596 - root - INFO - Start thread 1
2023-01-30 15:13:30,596 - root - INFO - Start thread 1
2023-01-30 15:13:30,599 - root - INFO - Finish thread 1
2023-01-30 15:13:30,599 - root - INFO - Finish thread 1
2023-01-30 15:13:30,602 - root - INFO - Create thread 2
2023-01-30 15:13:30,602 - root - INFO - Create thread 2
2023-01-30 15:13:30,605 - root - INFO - Start thread 2
2023-01-30 15:13:30,605 - root - INFO - Start thread 2
2023-01-30 15:13:30,608 - root - INFO - Finish thread 2
2023-01-30 15:13:30,608 - root - INFO - Finish thread 2
2023-01-30 15:13:57,011 - root - INFO - Create thread 2
2023-01-30 15:13:57,011 - root - INFO - Create thread 2
2023-01-30 15:13:57,017 - root - INFO - Start thread 2
2023-01-30 15:13:57,017 - root - INFO - Start thread 2
2023-01-30 15:13:57,021 - root - INFO - Finish thread 2
2023-01-30 15:13:57,021 - root - INFO - Finish thread 2
2023-01-30 15:14:36,460 - root - INFO - Create thread 1
2023-01-30 15:14:36,460 - root - INFO - Create thread 1
2023-01-30 15:14:36,465 - root - INFO - Start thread 1
2023-01-30 15:14:36,465 - root - INFO - Start thread 1
2023-01-30 15:14:36,469 - root - INFO - Finish thread 1
2023-01-30 15:14:36,469 - root - INFO - Finish thread 1
2023-01-30 15:14:36,471 - root - INFO - Create thread 2
2023-01-30 15:14:36,471 - root - INFO - Create thread 2
2023-01-30 15:14:36,473 - root - INFO - Start thread 2
2023-01-30 15:14:36,473 - root - INFO - Start thread 2
2023-01-30 15:14:36,476 - root - INFO - Finish thread 2
2023-01-30 15:14:36,476 - root - INFO - Finish thread 2
2023-01-30 15:17:00,285 - root - INFO - Create thread 1
2023-01-30 15:17:00,285 - root - INFO - Create thread 1
2023-01-30 15:17:00,285 - root - INFO - Create thread 1
2023-01-30 15:17:00,285 - root - INFO - Create thread 1
2023-01-30 15:17:00,288 - root - INFO - Start thread 1
2023-01-30 15:17:00,288 - root - INFO - Start thread 1
2023-01-30 15:17:00,288 - root - INFO - Start thread 1
2023-01-30 15:17:00,288 - root - INFO - Start thread 1
2023-01-30 15:17:00,291 - root - INFO - Finish thread 1
2023-01-30 15:17:00,291 - root - INFO - Finish thread 1
2023-01-30 15:17:00,291 - root - INFO - Finish thread 1
2023-01-30 15:17:00,291 - root - INFO - Finish thread 1
2023-01-30 15:17:00,293 - root - INFO - Create thread 2
2023-01-30 15:17:00,293 - root - INFO - Create thread 2
2023-01-30 15:17:00,293 - root - INFO - Create thread 2
2023-01-30 15:17:00,293 - root - INFO - Create thread 2
2023-01-30 15:17:00,297 - root - INFO - Start thread 2
2023-01-30 15:17:00,297 - root - INFO - Start thread 2
2023-01-30 15:17:00,297 - root - INFO - Start thread 2
2023-01-30 15:17:00,297 - root - INFO - Start thread 2
2023-01-30 15:17:00,303 - root - INFO - Finish thread 2
2023-01-30 15:17:00,303 - root - INFO - Finish thread 2
2023-01-30 15:17:00,303 - root - INFO - Finish thread 2
2023-01-30 15:17:00,303 - root - INFO - Finish thread 2
2023-01-30 15:17:29,951 - root - INFO - Create thread 1
2023-01-30 15:17:29,951 - root - INFO - Create thread 1
2023-01-30 15:17:29,951 - root - INFO - Create thread 1
2023-01-30 15:17:29,951 - root - INFO - Create thread 1
2023-01-30 15:17:29,954 - root - INFO - Start thread 1
2023-01-30 15:17:29,954 - root - INFO - Start thread 1
2023-01-30 15:17:29,954 - root - INFO - Start thread 1
2023-01-30 15:17:29,954 - root - INFO - Start thread 1
2023-01-30 15:17:29,960 - root - INFO - Finish thread 1
2023-01-30 15:17:29,960 - root - INFO - Finish thread 1
2023-01-30 15:17:29,960 - root - INFO - Finish thread 1
2023-01-30 15:17:29,960 - root - INFO - Finish thread 1
2023-01-30 15:17:29,964 - root - INFO - Create thread 2
2023-01-30 15:17:29,964 - root - INFO - Create thread 2
2023-01-30 15:17:29,964 - root - INFO - Create thread 2
2023-01-30 15:17:29,964 - root - INFO - Create thread 2
2023-01-30 15:17:29,967 - root - INFO - Start thread 2
2023-01-30 15:17:29,967 - root - INFO - Start thread 2
2023-01-30 15:17:29,967 - root - INFO - Start thread 2
2023-01-30 15:17:29,967 - root - INFO - Start thread 2
2023-01-30 15:17:29,970 - root - INFO - Finish thread 2
2023-01-30 15:17:29,970 - root - INFO - Finish thread 2
2023-01-30 15:17:29,970 - root - INFO - Finish thread 2
2023-01-30 15:17:29,970 - root - INFO - Finish thread 2
2023-01-30 15:17:47,759 - root - INFO - Create thread 1
2023-01-30 15:17:47,759 - root - INFO - Create thread 1
2023-01-30 15:17:47,759 - root - INFO - Create thread 1
2023-01-30 15:17:47,759 - root - INFO - Create thread 1
2023-01-30 15:17:47,759 - root - INFO - Create thread 1
2023-01-30 15:17:47,764 - root - INFO - Start thread 1
2023-01-30 15:17:47,764 - root - INFO - Start thread 1
2023-01-30 15:17:47,764 - root - INFO - Start thread 1
2023-01-30 15:17:47,764 - root - INFO - Start thread 1
2023-01-30 15:17:47,764 - root - INFO - Start thread 1
2023-01-30 15:17:47,772 - root - INFO - Finish thread 1
2023-01-30 15:17:47,772 - root - INFO - Finish thread 1
2023-01-30 15:17:47,772 - root - INFO - Finish thread 1
2023-01-30 15:17:47,772 - root - INFO - Finish thread 1
2023-01-30 15:17:47,772 - root - INFO - Finish thread 1
2023-01-30 15:17:47,775 - root - INFO - Create thread 2
2023-01-30 15:17:47,775 - root - INFO - Create thread 2
2023-01-30 15:17:47,775 - root - INFO - Create thread 2
2023-01-30 15:17:47,775 - root - INFO - Create thread 2
2023-01-30 15:17:47,775 - root - INFO - Create thread 2
2023-01-30 15:17:47,778 - root - INFO - Start thread 2
2023-01-30 15:17:47,778 - root - INFO - Start thread 2
2023-01-30 15:17:47,778 - root - INFO - Start thread 2
2023-01-30 15:17:47,778 - root - INFO - Start thread 2
2023-01-30 15:17:47,778 - root - INFO - Start thread 2
2023-01-30 15:17:47,781 - root - INFO - Finish thread 2
2023-01-30 15:17:47,781 - root - INFO - Finish thread 2
2023-01-30 15:17:47,781 - root - INFO - Finish thread 2
2023-01-30 15:17:47,781 - root - INFO - Finish thread 2
2023-01-30 15:17:47,781 - root - INFO - Finish thread 2
2023-01-30 15:17:51,914 - root - INFO - Create thread 1
2023-01-30 15:17:51,914 - root - INFO - Create thread 1
2023-01-30 15:17:51,914 - root - INFO - Create thread 1
2023-01-30 15:17:51,914 - root - INFO - Create thread 1
2023-01-30 15:17:51,914 - root - INFO - Create thread 1
2023-01-30 15:17:51,935 - root - INFO - Start thread 1
2023-01-30 15:17:51,935 - root - INFO - Start thread 1
2023-01-30 15:17:51,935 - root - INFO - Start thread 1
2023-01-30 15:17:51,935 - root - INFO - Start thread 1
2023-01-30 15:17:51,935 - root - INFO - Start thread 1
2023-01-30 15:17:51,952 - root - INFO - Finish thread 1
2023-01-30 15:17:51,952 - root - INFO - Finish thread 1
2023-01-30 15:17:51,952 - root - INFO - Finish thread 1
2023-01-30 15:17:51,952 - root - INFO - Finish thread 1
2023-01-30 15:17:51,952 - root - INFO - Finish thread 1
2023-01-30 15:17:51,954 - root - INFO - Create thread 2
2023-01-30 15:17:51,954 - root - INFO - Create thread 2
2023-01-30 15:17:51,954 - root - INFO - Create thread 2
2023-01-30 15:17:51,954 - root - INFO - Create thread 2
2023-01-30 15:17:51,954 - root - INFO - Create thread 2
2023-01-30 15:17:51,972 - root - INFO - Start thread 2
2023-01-30 15:17:51,972 - root - INFO - Start thread 2
2023-01-30 15:17:51,972 - root - INFO - Start thread 2
2023-01-30 15:17:51,972 - root - INFO - Start thread 2
2023-01-30 15:17:51,972 - root - INFO - Start thread 2
2023-01-30 15:17:51,980 - root - INFO - Finish thread 2
2023-01-30 15:17:51,980 - root - INFO - Finish thread 2
2023-01-30 15:17:51,980 - root - INFO - Finish thread 2
2023-01-30 15:17:51,980 - root - INFO - Finish thread 2
2023-01-30 15:17:51,980 - root - INFO - Finish thread 2
2023-01-30 15:18:46,312 - root - INFO - Create thread 1
2023-01-30 15:18:46,312 - root - INFO - Create thread 1
2023-01-30 15:18:46,312 - root - INFO - Create thread 1
2023-01-30 15:18:46,312 - root - INFO - Create thread 1
2023-01-30 15:18:46,312 - root - INFO - Create thread 1
2023-01-30 15:18:46,312 - root - INFO - Create thread 1
2023-01-30 15:18:46,320 - root - INFO - Start thread 1
2023-01-30 15:18:46,320 - root - INFO - Start thread 1
2023-01-30 15:18:46,320 - root - INFO - Start thread 1
2023-01-30 15:18:46,320 - root - INFO - Start thread 1
2023-01-30 15:18:46,320 - root - INFO - Start thread 1
2023-01-30 15:18:46,320 - root - INFO - Start thread 1
2023-01-30 15:18:46,327 - root - INFO - Finish thread 1
2023-01-30 15:18:46,327 - root - INFO - Finish thread 1
2023-01-30 15:18:46,327 - root - INFO - Finish thread 1
2023-01-30 15:18:46,327 - root - INFO - Finish thread 1
2023-01-30 15:18:46,327 - root - INFO - Finish thread 1
2023-01-30 15:18:46,327 - root - INFO - Finish thread 1
2023-01-30 15:18:46,330 - root - INFO - Create thread 2
2023-01-30 15:18:46,330 - root - INFO - Create thread 2
2023-01-30 15:18:46,330 - root - INFO - Create thread 2
2023-01-30 15:18:46,330 - root - INFO - Create thread 2
2023-01-30 15:18:46,330 - root - INFO - Create thread 2
2023-01-30 15:18:46,330 - root - INFO - Create thread 2
2023-01-30 15:18:46,335 - root - INFO - Start thread 2
2023-01-30 15:18:46,335 - root - INFO - Start thread 2
2023-01-30 15:18:46,335 - root - INFO - Start thread 2
2023-01-30 15:18:46,335 - root - INFO - Start thread 2
2023-01-30 15:18:46,335 - root - INFO - Start thread 2
2023-01-30 15:18:46,335 - root - INFO - Start thread 2
2023-01-30 15:18:46,340 - root - INFO - Finish thread 2
2023-01-30 15:18:46,340 - root - INFO - Finish thread 2
2023-01-30 15:18:46,340 - root - INFO - Finish thread 2
2023-01-30 15:18:46,340 - root - INFO - Finish thread 2
2023-01-30 15:18:46,340 - root - INFO - Finish thread 2
2023-01-30 15:18:46,340 - root - INFO - Finish thread 2
2023-01-30 15:18:58,057 - root - INFO - Create thread 1
2023-01-30 15:18:58,057 - root - INFO - Create thread 1
2023-01-30 15:18:58,057 - root - INFO - Create thread 1
2023-01-30 15:18:58,057 - root - INFO - Create thread 1
2023-01-30 15:18:58,057 - root - INFO - Create thread 1
2023-01-30 15:18:58,057 - root - INFO - Create thread 1
2023-01-30 15:18:58,065 - root - INFO - Start thread 1
2023-01-30 15:18:58,065 - root - INFO - Start thread 1
2023-01-30 15:18:58,065 - root - INFO - Start thread 1
2023-01-30 15:18:58,065 - root - INFO - Start thread 1
2023-01-30 15:18:58,065 - root - INFO - Start thread 1
2023-01-30 15:18:58,065 - root - INFO - Start thread 1
2023-01-30 15:18:58,074 - root - INFO - Finish thread 1
2023-01-30 15:18:58,074 - root - INFO - Finish thread 1
2023-01-30 15:18:58,074 - root - INFO - Finish thread 1
2023-01-30 15:18:58,074 - root - INFO - Finish thread 1
2023-01-30 15:18:58,074 - root - INFO - Finish thread 1
2023-01-30 15:18:58,074 - root - INFO - Finish thread 1
2023-01-30 15:18:58,076 - root - INFO - Create thread 2
2023-01-30 15:18:58,076 - root - INFO - Create thread 2
2023-01-30 15:18:58,076 - root - INFO - Create thread 2
2023-01-30 15:18:58,076 - root - INFO - Create thread 2
2023-01-30 15:18:58,076 - root - INFO - Create thread 2
2023-01-30 15:18:58,076 - root - INFO - Create thread 2
2023-01-30 15:18:58,080 - root - INFO - Start thread 2
2023-01-30 15:18:58,080 - root - INFO - Start thread 2
2023-01-30 15:18:58,080 - root - INFO - Start thread 2
2023-01-30 15:18:58,080 - root - INFO - Start thread 2
2023-01-30 15:18:58,080 - root - INFO - Start thread 2
2023-01-30 15:18:58,080 - root - INFO - Start thread 2
2023-01-30 15:18:58,087 - root - INFO - Finish thread 2
2023-01-30 15:18:58,087 - root - INFO - Finish thread 2
2023-01-30 15:18:58,087 - root - INFO - Finish thread 2
2023-01-30 15:18:58,087 - root - INFO - Finish thread 2
2023-01-30 15:18:58,087 - root - INFO - Finish thread 2
2023-01-30 15:18:58,087 - root - INFO - Finish thread 2
2023-01-30 15:20:10,540 - root - INFO - Create thread 1
2023-01-30 15:20:10,540 - root - INFO - Create thread 1
2023-01-30 15:20:10,540 - root - INFO - Create thread 1
2023-01-30 15:20:10,540 - root - INFO - Create thread 1
2023-01-30 15:20:10,540 - root - INFO - Create thread 1
2023-01-30 15:20:10,540 - root - INFO - Create thread 1
2023-01-30 15:20:10,540 - root - INFO - Create thread 1
2023-01-30 15:20:10,551 - root - INFO - Start thread 1
2023-01-30 15:20:10,551 - root - INFO - Start thread 1
2023-01-30 15:20:10,551 - root - INFO - Start thread 1
2023-01-30 15:20:10,551 - root - INFO - Start thread 1
2023-01-30 15:20:10,551 - root - INFO - Start thread 1
2023-01-30 15:20:10,551 - root - INFO - Start thread 1
2023-01-30 15:20:10,551 - root - INFO - Start thread 1
2023-01-30 15:20:10,567 - root - INFO - Finish thread 1
2023-01-30 15:20:10,567 - root - INFO - Finish thread 1
2023-01-30 15:20:10,567 - root - INFO - Finish thread 1
2023-01-30 15:20:10,567 - root - INFO - Finish thread 1
2023-01-30 15:20:10,567 - root - INFO - Finish thread 1
2023-01-30 15:20:10,567 - root - INFO - Finish thread 1
2023-01-30 15:20:10,567 - root - INFO - Finish thread 1
2023-01-30 15:20:10,574 - root - INFO - Create thread 2
2023-01-30 15:20:10,574 - root - INFO - Create thread 2
2023-01-30 15:20:10,574 - root - INFO - Create thread 2
2023-01-30 15:20:10,574 - root - INFO - Create thread 2
2023-01-30 15:20:10,574 - root - INFO - Create thread 2
2023-01-30 15:20:10,574 - root - INFO - Create thread 2
2023-01-30 15:20:10,574 - root - INFO - Create thread 2
2023-01-30 15:20:10,586 - root - INFO - Start thread 2
2023-01-30 15:20:10,586 - root - INFO - Start thread 2
2023-01-30 15:20:10,586 - root - INFO - Start thread 2
2023-01-30 15:20:10,586 - root - INFO - Start thread 2
2023-01-30 15:20:10,586 - root - INFO - Start thread 2
2023-01-30 15:20:10,586 - root - INFO - Start thread 2
2023-01-30 15:20:10,586 - root - INFO - Start thread 2
2023-01-30 15:20:10,591 - root - INFO - Finish thread 2
2023-01-30 15:20:10,591 - root - INFO - Finish thread 2
2023-01-30 15:20:10,591 - root - INFO - Finish thread 2
2023-01-30 15:20:10,591 - root - INFO - Finish thread 2
2023-01-30 15:20:10,591 - root - INFO - Finish thread 2
2023-01-30 15:20:10,591 - root - INFO - Finish thread 2
2023-01-30 15:20:10,591 - root - INFO - Finish thread 2
2023-01-30 15:20:13,855 - root - INFO - Create thread 1
2023-01-30 15:20:13,855 - root - INFO - Create thread 1
2023-01-30 15:20:13,855 - root - INFO - Create thread 1
2023-01-30 15:20:13,855 - root - INFO - Create thread 1
2023-01-30 15:20:13,855 - root - INFO - Create thread 1
2023-01-30 15:20:13,855 - root - INFO - Create thread 1
2023-01-30 15:20:13,855 - root - INFO - Create thread 1
2023-01-30 15:20:13,862 - root - INFO - Start thread 1
2023-01-30 15:20:13,862 - root - INFO - Start thread 1
2023-01-30 15:20:13,862 - root - INFO - Start thread 1
2023-01-30 15:20:13,862 - root - INFO - Start thread 1
2023-01-30 15:20:13,862 - root - INFO - Start thread 1
2023-01-30 15:20:13,862 - root - INFO - Start thread 1
2023-01-30 15:20:13,862 - root - INFO - Start thread 1
2023-01-30 15:20:13,868 - root - INFO - Finish thread 1
2023-01-30 15:20:13,868 - root - INFO - Finish thread 1
2023-01-30 15:20:13,868 - root - INFO - Finish thread 1
2023-01-30 15:20:13,868 - root - INFO - Finish thread 1
2023-01-30 15:20:13,868 - root - INFO - Finish thread 1
2023-01-30 15:20:13,868 - root - INFO - Finish thread 1
2023-01-30 15:20:13,868 - root - INFO - Finish thread 1
2023-01-30 15:20:13,870 - root - INFO - Create thread 2
2023-01-30 15:20:13,870 - root - INFO - Create thread 2
2023-01-30 15:20:13,870 - root - INFO - Create thread 2
2023-01-30 15:20:13,870 - root - INFO - Create thread 2
2023-01-30 15:20:13,870 - root - INFO - Create thread 2
2023-01-30 15:20:13,870 - root - INFO - Create thread 2
2023-01-30 15:20:13,870 - root - INFO - Create thread 2
2023-01-30 15:20:13,874 - root - INFO - Start thread 2
2023-01-30 15:20:13,874 - root - INFO - Start thread 2
2023-01-30 15:20:13,874 - root - INFO - Start thread 2
2023-01-30 15:20:13,874 - root - INFO - Start thread 2
2023-01-30 15:20:13,874 - root - INFO - Start thread 2
2023-01-30 15:20:13,874 - root - INFO - Start thread 2
2023-01-30 15:20:13,874 - root - INFO - Start thread 2
2023-01-30 15:20:13,879 - root - INFO - Finish thread 2
2023-01-30 15:20:13,879 - root - INFO - Finish thread 2
2023-01-30 15:20:13,879 - root - INFO - Finish thread 2
2023-01-30 15:20:13,879 - root - INFO - Finish thread 2
2023-01-30 15:20:13,879 - root - INFO - Finish thread 2
2023-01-30 15:20:13,879 - root - INFO - Finish thread 2
2023-01-30 15:20:13,879 - root - INFO - Finish thread 2
2023-01-30 15:21:05,020 - root - INFO - Create thread 1
2023-01-30 15:21:05,020 - root - INFO - Create thread 1
2023-01-30 15:21:05,020 - root - INFO - Create thread 1
2023-01-30 15:21:05,020 - root - INFO - Create thread 1
2023-01-30 15:21:05,020 - root - INFO - Create thread 1
2023-01-30 15:21:05,020 - root - INFO - Create thread 1
2023-01-30 15:21:05,020 - root - INFO - Create thread 1
2023-01-30 15:21:05,020 - root - INFO - Create thread 1
2023-01-30 15:21:05,030 - root - INFO - Start thread 1
2023-01-30 15:21:05,030 - root - INFO - Start thread 1
2023-01-30 15:21:05,030 - root - INFO - Start thread 1
2023-01-30 15:21:05,030 - root - INFO - Start thread 1
2023-01-30 15:21:05,030 - root - INFO - Start thread 1
2023-01-30 15:21:05,030 - root - INFO - Start thread 1
2023-01-30 15:21:05,030 - root - INFO - Start thread 1
2023-01-30 15:21:05,030 - root - INFO - Start thread 1
2023-01-30 15:21:05,034 - root - INFO - Finish thread 1
2023-01-30 15:21:05,034 - root - INFO - Finish thread 1
2023-01-30 15:21:05,034 - root - INFO - Finish thread 1
2023-01-30 15:21:05,034 - root - INFO - Finish thread 1
2023-01-30 15:21:05,034 - root - INFO - Finish thread 1
2023-01-30 15:21:05,034 - root - INFO - Finish thread 1
2023-01-30 15:21:05,034 - root - INFO - Finish thread 1
2023-01-30 15:21:05,034 - root - INFO - Finish thread 1
2023-01-30 15:21:05,037 - root - INFO - Create thread 2
2023-01-30 15:21:05,037 - root - INFO - Create thread 2
2023-01-30 15:21:05,037 - root - INFO - Create thread 2
2023-01-30 15:21:05,037 - root - INFO - Create thread 2
2023-01-30 15:21:05,037 - root - INFO - Create thread 2
2023-01-30 15:21:05,037 - root - INFO - Create thread 2
2023-01-30 15:21:05,037 - root - INFO - Create thread 2
2023-01-30 15:21:05,037 - root - INFO - Create thread 2
2023-01-30 15:21:05,044 - root - INFO - Start thread 2
2023-01-30 15:21:05,044 - root - INFO - Start thread 2
2023-01-30 15:21:05,044 - root - INFO - Start thread 2
2023-01-30 15:21:05,044 - root - INFO - Start thread 2
2023-01-30 15:21:05,044 - root - INFO - Start thread 2
2023-01-30 15:21:05,044 - root - INFO - Start thread 2
2023-01-30 15:21:05,044 - root - INFO - Start thread 2
2023-01-30 15:21:05,044 - root - INFO - Start thread 2
2023-01-30 15:21:05,047 - root - INFO - Finish thread 2
2023-01-30 15:21:05,047 - root - INFO - Finish thread 2
2023-01-30 15:21:05,047 - root - INFO - Finish thread 2
2023-01-30 15:21:05,047 - root - INFO - Finish thread 2
2023-01-30 15:21:05,047 - root - INFO - Finish thread 2
2023-01-30 15:21:05,047 - root - INFO - Finish thread 2
2023-01-30 15:21:05,047 - root - INFO - Finish thread 2
2023-01-30 15:21:05,047 - root - INFO - Finish thread 2
2023-01-30 15:21:07,037 - root - INFO - Thread 1: finishing
2023-01-30 15:21:07,037 - root - INFO - Thread 1: finishing
2023-01-30 15:21:07,037 - root - INFO - Thread 1: finishing
2023-01-30 15:21:07,037 - root - INFO - Thread 1: finishing
2023-01-30 15:21:07,037 - root - INFO - Thread 1: finishing
2023-01-30 15:21:07,037 - root - INFO - Thread 1: finishing
2023-01-30 15:21:07,037 - root - INFO - Thread 1: finishing
2023-01-30 15:21:07,037 - root - INFO - Thread 1: finishing
2023-01-30 15:21:07,051 - root - INFO - Thread 2: finishing
2023-01-30 15:21:07,051 - root - INFO - Thread 2: finishing
2023-01-30 15:21:07,051 - root - INFO - Thread 2: finishing
2023-01-30 15:21:07,051 - root - INFO - Thread 2: finishing
2023-01-30 15:21:07,051 - root - INFO - Thread 2: finishing
2023-01-30 15:21:07,051 - root - INFO - Thread 2: finishing
2023-01-30 15:21:07,051 - root - INFO - Thread 2: finishing
2023-01-30 15:21:07,051 - root - INFO - Thread 2: finishing
2023-01-30 15:21:07,314 - root - INFO - Create thread 1
2023-01-30 15:21:07,314 - root - INFO - Create thread 1
2023-01-30 15:21:07,314 - root - INFO - Create thread 1
2023-01-30 15:21:07,314 - root - INFO - Create thread 1
2023-01-30 15:21:07,314 - root - INFO - Create thread 1
2023-01-30 15:21:07,314 - root - INFO - Create thread 1
2023-01-30 15:21:07,314 - root - INFO - Create thread 1
2023-01-30 15:21:07,314 - root - INFO - Create thread 1
2023-01-30 15:21:07,319 - root - INFO - Start thread 1
2023-01-30 15:21:07,319 - root - INFO - Start thread 1
2023-01-30 15:21:07,319 - root - INFO - Start thread 1
2023-01-30 15:21:07,319 - root - INFO - Start thread 1
2023-01-30 15:21:07,319 - root - INFO - Start thread 1
2023-01-30 15:21:07,319 - root - INFO - Start thread 1
2023-01-30 15:21:07,319 - root - INFO - Start thread 1
2023-01-30 15:21:07,319 - root - INFO - Start thread 1
2023-01-30 15:21:07,323 - root - INFO - Finish thread 1
2023-01-30 15:21:07,323 - root - INFO - Finish thread 1
2023-01-30 15:21:07,323 - root - INFO - Finish thread 1
2023-01-30 15:21:07,323 - root - INFO - Finish thread 1
2023-01-30 15:21:07,323 - root - INFO - Finish thread 1
2023-01-30 15:21:07,323 - root - INFO - Finish thread 1
2023-01-30 15:21:07,323 - root - INFO - Finish thread 1
2023-01-30 15:21:07,323 - root - INFO - Finish thread 1
2023-01-30 15:21:07,326 - root - INFO - Create thread 2
2023-01-30 15:21:07,326 - root - INFO - Create thread 2
2023-01-30 15:21:07,326 - root - INFO - Create thread 2
2023-01-30 15:21:07,326 - root - INFO - Create thread 2
2023-01-30 15:21:07,326 - root - INFO - Create thread 2
2023-01-30 15:21:07,326 - root - INFO - Create thread 2
2023-01-30 15:21:07,326 - root - INFO - Create thread 2
2023-01-30 15:21:07,326 - root - INFO - Create thread 2
2023-01-30 15:21:07,329 - root - INFO - Start thread 2
2023-01-30 15:21:07,329 - root - INFO - Start thread 2
2023-01-30 15:21:07,329 - root - INFO - Start thread 2
2023-01-30 15:21:07,329 - root - INFO - Start thread 2
2023-01-30 15:21:07,329 - root - INFO - Start thread 2
2023-01-30 15:21:07,329 - root - INFO - Start thread 2
2023-01-30 15:21:07,329 - root - INFO - Start thread 2
2023-01-30 15:21:07,329 - root - INFO - Start thread 2
2023-01-30 15:21:07,336 - root - INFO - Finish thread 2
2023-01-30 15:21:07,336 - root - INFO - Finish thread 2
2023-01-30 15:21:07,336 - root - INFO - Finish thread 2
2023-01-30 15:21:07,336 - root - INFO - Finish thread 2
2023-01-30 15:21:07,336 - root - INFO - Finish thread 2
2023-01-30 15:21:07,336 - root - INFO - Finish thread 2
2023-01-30 15:21:07,336 - root - INFO - Finish thread 2
2023-01-30 15:21:07,336 - root - INFO - Finish thread 2
2023-01-30 15:21:09,323 - root - INFO - Thread 1: finishing
2023-01-30 15:21:09,323 - root - INFO - Thread 1: finishing
2023-01-30 15:21:09,323 - root - INFO - Thread 1: finishing
2023-01-30 15:21:09,323 - root - INFO - Thread 1: finishing
2023-01-30 15:21:09,323 - root - INFO - Thread 1: finishing
2023-01-30 15:21:09,323 - root - INFO - Thread 1: finishing
2023-01-30 15:21:09,323 - root - INFO - Thread 1: finishing
2023-01-30 15:21:09,323 - root - INFO - Thread 1: finishing
2023-01-30 15:21:09,336 - root - INFO - Thread 2: finishing
2023-01-30 15:21:09,336 - root - INFO - Thread 2: finishing
2023-01-30 15:21:09,336 - root - INFO - Thread 2: finishing
2023-01-30 15:21:09,336 - root - INFO - Thread 2: finishing
2023-01-30 15:21:09,336 - root - INFO - Thread 2: finishing
2023-01-30 15:21:09,336 - root - INFO - Thread 2: finishing
2023-01-30 15:21:09,336 - root - INFO - Thread 2: finishing
2023-01-30 15:21:09,336 - root - INFO - Thread 2: finishing
2023-01-30 16:01:02,904 - root - INFO - Create thread 1
2023-01-30 16:01:02,904 - root - INFO - Start thread 1
2023-01-30 16:01:02,905 - root - INFO - Finish thread 1
2023-01-30 16:01:02,905 - root - INFO - Create thread 2
2023-01-30 16:01:02,905 - root - INFO - Start thread 2
2023-01-30 16:01:02,905 - root - INFO - Finish thread 2
2023-01-30 16:01:02,906 - root - INFO - Create thread 1
2023-01-30 16:01:02,906 - root - INFO - Start thread 1
2023-01-30 16:01:02,906 - root - INFO - Finish thread 1
2023-01-30 16:01:02,906 - root - INFO - Create thread 2
2023-01-30 16:01:02,906 - root - INFO - Start thread 2
2023-01-30 16:01:02,906 - root - INFO - Finish thread 2
2023-01-30 16:01:04,910 - root - INFO - Thread 1: finishing
2023-01-30 16:01:04,912 - root - INFO - Thread 2: finishing
2023-01-30 16:01:04,912 - root - INFO - Thread 2: finishing
2023-01-30 16:01:04,913 - root - INFO - Thread 1: finishing
2023-01-30 16:27:32,711 - root - INFO - Main    : before creating thread
2023-01-30 16:27:32,711 - root - INFO - Main    : before creating thread
2023-01-30 16:27:32,711 - root - INFO - Main    : before creating thread
2023-01-30 16:27:32,711 - root - INFO - Main    : before creating thread
2023-01-30 16:27:32,711 - root - INFO - Main    : before creating thread
2023-01-30 16:27:32,711 - root - INFO - Main    : before creating thread
2023-01-30 16:27:32,711 - root - INFO - Main    : before creating thread
2023-01-30 16:27:32,711 - root - INFO - Main    : before creating thread
2023-01-30 16:27:32,711 - root - INFO - Main    : before creating thread
2023-01-30 16:27:32,711 - root - INFO - Main    : before creating thread
2023-01-30 16:27:56,091 - root - INFO - Main    : before creating thread
2023-01-30 16:27:56,091 - root - INFO - Main    : before creating thread
2023-01-30 16:27:56,091 - root - INFO - Main    : before creating thread
2023-01-30 16:27:56,091 - root - INFO - Main    : before creating thread
2023-01-30 16:27:56,091 - root - INFO - Main    : before creating thread
2023-01-30 16:27:56,091 - root - INFO - Main    : before creating thread
2023-01-30 16:27:56,091 - root - INFO - Main    : before creating thread
2023-01-30 16:27:56,091 - root - INFO - Main    : before creating thread
2023-01-30 16:27:56,091 - root - INFO - Main    : before creating thread
2023-01-30 16:27:56,091 - root - INFO - Main    : before creating thread
2023-01-30 16:27:56,097 - root - INFO - Main    : before running thread
2023-01-30 16:27:56,097 - root - INFO - Main    : before running thread
2023-01-30 16:27:56,097 - root - INFO - Main    : before running thread
2023-01-30 16:27:56,097 - root - INFO - Main    : before running thread
2023-01-30 16:27:56,097 - root - INFO - Main    : before running thread
2023-01-30 16:27:56,097 - root - INFO - Main    : before running thread
2023-01-30 16:27:56,097 - root - INFO - Main    : before running thread
2023-01-30 16:27:56,097 - root - INFO - Main    : before running thread
2023-01-30 16:27:56,097 - root - INFO - Main    : before running thread
2023-01-30 16:27:56,097 - root - INFO - Main    : before running thread
2023-01-30 16:27:56,116 - root - INFO - Main    : wait for the thread to finish
2023-01-30 16:27:56,116 - root - INFO - Main    : wait for the thread to finish
2023-01-30 16:27:56,116 - root - INFO - Main    : wait for the thread to finish
2023-01-30 16:27:56,116 - root - INFO - Main    : wait for the thread to finish
2023-01-30 16:27:56,116 - root - INFO - Main    : wait for the thread to finish
2023-01-30 16:27:56,116 - root - INFO - Main    : wait for the thread to finish
2023-01-30 16:27:56,116 - root - INFO - Main    : wait for the thread to finish
2023-01-30 16:27:56,116 - root - INFO - Main    : wait for the thread to finish
2023-01-30 16:27:56,116 - root - INFO - Main    : wait for the thread to finish
2023-01-30 16:27:56,116 - root - INFO - Main    : wait for the thread to finish
2023-01-30 16:27:56,118 - root - INFO - Main    : all done
2023-01-30 16:27:56,118 - root - INFO - Main    : all done
2023-01-30 16:27:56,118 - root - INFO - Main    : all done
2023-01-30 16:27:56,118 - root - INFO - Main    : all done
2023-01-30 16:27:56,118 - root - INFO - Main    : all done
2023-01-30 16:27:56,118 - root - INFO - Main    : all done
2023-01-30 16:27:56,118 - root - INFO - Main    : all done
2023-01-30 16:27:56,118 - root - INFO - Main    : all done
2023-01-30 16:27:56,118 - root - INFO - Main    : all done
2023-01-30 16:27:56,118 - root - INFO - Main    : all done
2023-01-30 16:27:58,119 - root - INFO - Thread 1: finishing
2023-01-30 16:27:58,119 - root - INFO - Thread 1: finishing
2023-01-30 16:27:58,119 - root - INFO - Thread 1: finishing
2023-01-30 16:27:58,119 - root - INFO - Thread 1: finishing
2023-01-30 16:27:58,119 - root - INFO - Thread 1: finishing
2023-01-30 16:27:58,119 - root - INFO - Thread 1: finishing
2023-01-30 16:27:58,119 - root - INFO - Thread 1: finishing
2023-01-30 16:27:58,119 - root - INFO - Thread 1: finishing
2023-01-30 16:27:58,119 - root - INFO - Thread 1: finishing
2023-01-30 16:27:58,119 - root - INFO - Thread 1: finishing
2023-01-30 16:28:22,312 - root - INFO - Main    : before creating thread
2023-01-30 16:28:22,312 - root - INFO - Main    : before creating thread
2023-01-30 16:28:22,312 - root - INFO - Main    : before creating thread
2023-01-30 16:28:22,312 - root - INFO - Main    : before creating thread
2023-01-30 16:28:22,312 - root - INFO - Main    : before creating thread
2023-01-30 16:28:22,312 - root - INFO - Main    : before creating thread
2023-01-30 16:28:22,312 - root - INFO - Main    : before creating thread
2023-01-30 16:28:22,312 - root - INFO - Main    : before creating thread
2023-01-30 16:28:22,312 - root - INFO - Main    : before creating thread
2023-01-30 16:28:22,312 - root - INFO - Main    : before creating thread
2023-01-30 16:28:22,330 - root - INFO - Main    : before running thread
2023-01-30 16:28:22,330 - root - INFO - Main    : before running thread
2023-01-30 16:28:22,330 - root - INFO - Main    : before running thread
2023-01-30 16:28:22,330 - root - INFO - Main    : before running thread
2023-01-30 16:28:22,330 - root - INFO - Main    : before running thread
2023-01-30 16:28:22,330 - root - INFO - Main    : before running thread
2023-01-30 16:28:22,330 - root - INFO - Main    : before running thread
2023-01-30 16:28:22,330 - root - INFO - Main    : before running thread
2023-01-30 16:28:22,330 - root - INFO - Main    : before running thread
2023-01-30 16:28:22,330 - root - INFO - Main    : before running thread
2023-01-30 16:28:22,336 - root - INFO - Main    : wait for the thread to finish
2023-01-30 16:28:22,336 - root - INFO - Main    : wait for the thread to finish
2023-01-30 16:28:22,336 - root - INFO - Main    : wait for the thread to finish
2023-01-30 16:28:22,336 - root - INFO - Main    : wait for the thread to finish
2023-01-30 16:28:22,336 - root - INFO - Main    : wait for the thread to finish
2023-01-30 16:28:22,336 - root - INFO - Main    : wait for the thread to finish
2023-01-30 16:28:22,336 - root - INFO - Main    : wait for the thread to finish
2023-01-30 16:28:22,336 - root - INFO - Main    : wait for the thread to finish
2023-01-30 16:28:22,336 - root - INFO - Main    : wait for the thread to finish
2023-01-30 16:28:22,336 - root - INFO - Main    : wait for the thread to finish
2023-01-30 16:28:22,339 - root - INFO - Main    : all done
2023-01-30 16:28:22,339 - root - INFO - Main    : all done
2023-01-30 16:28:22,339 - root - INFO - Main    : all done
2023-01-30 16:28:22,339 - root - INFO - Main    : all done
2023-01-30 16:28:22,339 - root - INFO - Main    : all done
2023-01-30 16:28:22,339 - root - INFO - Main    : all done
2023-01-30 16:28:22,339 - root - INFO - Main    : all done
2023-01-30 16:28:22,339 - root - INFO - Main    : all done
2023-01-30 16:28:22,339 - root - INFO - Main    : all done
2023-01-30 16:28:22,339 - root - INFO - Main    : all done
2023-01-30 16:28:24,342 - root - INFO - Thread 1: finishing
2023-01-30 16:28:24,342 - root - INFO - Thread 1: finishing
2023-01-30 16:28:24,342 - root - INFO - Thread 1: finishing
2023-01-30 16:28:24,342 - root - INFO - Thread 1: finishing
2023-01-30 16:28:24,342 - root - INFO - Thread 1: finishing
2023-01-30 16:28:24,342 - root - INFO - Thread 1: finishing
2023-01-30 16:28:24,342 - root - INFO - Thread 1: finishing
2023-01-30 16:28:24,342 - root - INFO - Thread 1: finishing
2023-01-30 16:28:24,342 - root - INFO - Thread 1: finishing
2023-01-30 16:28:24,342 - root - INFO - Thread 1: finishing
